2022/12/14 07:54:48 [notice] 1#1: using the "epoll" event method
2022/12/14 07:54:48 [notice] 1#1: nginx/1.20.2
2022/12/14 07:54:48 [notice] 1#1: built by gcc 10.2.1 20210110 (Debian 10.2.1-6) 
2022/12/14 07:54:48 [notice] 1#1: OS: Linux 5.15.0-56-generic
2022/12/14 07:54:48 [notice] 1#1: getrlimit(RLIMIT_NOFILE): 1048576:1048576
2022/12/14 07:54:48 [notice] 1#1: start worker processes
2022/12/14 07:54:48 [notice] 1#1: start worker process 30
2022/12/14 07:54:48 [notice] 1#1: start worker process 31
2022/12/14 07:54:48 [notice] 1#1: start worker process 32
2022/12/14 07:54:48 [notice] 1#1: start worker process 33
2022/12/14 07:54:48 [notice] 1#1: start worker process 34
2022/12/14 07:54:48 [notice] 1#1: start worker process 35
2022/12/14 07:57:05 [notice] 1#1: using the "epoll" event method
2022/12/14 07:57:05 [notice] 1#1: nginx/1.20.2
2022/12/14 07:57:05 [notice] 1#1: built by gcc 10.2.1 20210110 (Debian 10.2.1-6) 
2022/12/14 07:57:05 [notice] 1#1: OS: Linux 5.15.0-56-generic
2022/12/14 07:57:05 [notice] 1#1: getrlimit(RLIMIT_NOFILE): 1048576:1048576
2022/12/14 07:57:05 [notice] 1#1: start worker processes
2022/12/14 07:57:05 [notice] 1#1: start worker process 29
2022/12/14 07:57:05 [notice] 1#1: start worker process 30
2022/12/14 07:57:05 [notice] 1#1: start worker process 31
2022/12/14 07:57:05 [notice] 1#1: start worker process 32
2022/12/14 07:57:05 [notice] 1#1: start worker process 33
2022/12/14 07:57:05 [notice] 1#1: start worker process 34
2022/12/14 08:02:47 [notice] 1#1: signal 3 (SIGQUIT) received, shutting down
2022/12/14 08:02:47 [notice] 30#30: gracefully shutting down
2022/12/14 08:02:47 [notice] 31#31: gracefully shutting down
2022/12/14 08:02:47 [notice] 34#34: gracefully shutting down
2022/12/14 08:02:47 [notice] 30#30: exiting
2022/12/14 08:02:47 [notice] 31#31: exiting
2022/12/14 08:02:47 [notice] 34#34: exiting
2022/12/14 08:02:47 [notice] 30#30: exit
2022/12/14 08:02:47 [notice] 31#31: exit
2022/12/14 08:02:47 [notice] 34#34: exit
2022/12/14 08:02:47 [notice] 29#29: gracefully shutting down
2022/12/14 08:02:47 [notice] 33#33: gracefully shutting down
2022/12/14 08:02:47 [notice] 32#32: gracefully shutting down
2022/12/14 08:02:47 [notice] 29#29: exiting
2022/12/14 08:02:47 [notice] 33#33: exiting
2022/12/14 08:02:47 [notice] 32#32: exiting
2022/12/14 08:02:47 [notice] 29#29: exit
2022/12/14 08:02:47 [notice] 33#33: exit
2022/12/14 08:02:47 [notice] 32#32: exit
2022/12/14 08:02:47 [notice] 1#1: signal 17 (SIGCHLD) received from 34
2022/12/14 08:02:47 [notice] 1#1: worker process 30 exited with code 0
2022/12/14 08:02:47 [notice] 1#1: worker process 34 exited with code 0
2022/12/14 08:02:47 [notice] 1#1: signal 29 (SIGIO) received
2022/12/14 08:02:47 [notice] 1#1: signal 17 (SIGCHLD) received from 29
2022/12/14 08:02:47 [notice] 1#1: worker process 29 exited with code 0
2022/12/14 08:02:47 [notice] 1#1: signal 29 (SIGIO) received
2022/12/14 08:02:47 [notice] 1#1: signal 17 (SIGCHLD) received from 32
2022/12/14 08:02:47 [notice] 1#1: worker process 32 exited with code 0
2022/12/14 08:02:47 [notice] 1#1: worker process 33 exited with code 0
2022/12/14 08:02:47 [notice] 1#1: signal 29 (SIGIO) received
2022/12/14 08:02:47 [notice] 1#1: signal 17 (SIGCHLD) received from 33
2022/12/14 08:02:47 [notice] 1#1: signal 17 (SIGCHLD) received from 31
2022/12/14 08:02:47 [notice] 1#1: worker process 31 exited with code 0
2022/12/14 08:02:47 [notice] 1#1: exit
2022/12/14 08:03:27 [notice] 1#1: using the "epoll" event method
2022/12/14 08:03:27 [notice] 1#1: nginx/1.20.2
2022/12/14 08:03:27 [notice] 1#1: built by gcc 10.2.1 20210110 (Debian 10.2.1-6) 
2022/12/14 08:03:27 [notice] 1#1: OS: Linux 5.15.0-56-generic
2022/12/14 08:03:27 [notice] 1#1: getrlimit(RLIMIT_NOFILE): 1048576:1048576
2022/12/14 08:03:27 [notice] 1#1: start worker processes
2022/12/14 08:03:27 [notice] 1#1: start worker process 30
2022/12/14 08:03:27 [notice] 1#1: start worker process 31
2022/12/14 08:03:27 [notice] 1#1: start worker process 32
2022/12/14 08:03:27 [notice] 1#1: start worker process 33
2022/12/14 08:03:27 [notice] 1#1: start worker process 34
2022/12/14 08:03:27 [notice] 1#1: start worker process 35
2022/12/14 08:11:07 [notice] 1#1: signal 3 (SIGQUIT) received, shutting down
2022/12/14 08:11:07 [notice] 33#33: gracefully shutting down
2022/12/14 08:11:07 [notice] 31#31: gracefully shutting down
2022/12/14 08:11:07 [notice] 33#33: exiting
2022/12/14 08:11:07 [notice] 31#31: exiting
2022/12/14 08:11:07 [notice] 33#33: exit
2022/12/14 08:11:07 [notice] 31#31: exit
2022/12/14 08:11:07 [notice] 30#30: gracefully shutting down
2022/12/14 08:11:07 [notice] 30#30: exiting
2022/12/14 08:11:07 [notice] 30#30: exit
2022/12/14 08:11:07 [notice] 32#32: gracefully shutting down
2022/12/14 08:11:07 [notice] 32#32: exiting
2022/12/14 08:11:07 [notice] 32#32: exit
2022/12/14 08:11:07 [notice] 34#34: gracefully shutting down
2022/12/14 08:11:07 [notice] 34#34: exiting
2022/12/14 08:11:07 [notice] 34#34: exit
2022/12/14 08:11:07 [notice] 35#35: gracefully shutting down
2022/12/14 08:11:07 [notice] 35#35: exiting
2022/12/14 08:11:07 [notice] 35#35: exit
2022/12/14 08:11:07 [notice] 1#1: signal 17 (SIGCHLD) received from 33
2022/12/14 08:11:07 [notice] 1#1: worker process 33 exited with code 0
2022/12/14 08:11:07 [notice] 1#1: signal 29 (SIGIO) received
2022/12/14 08:11:07 [notice] 1#1: signal 17 (SIGCHLD) received from 32
2022/12/14 08:11:07 [notice] 1#1: worker process 30 exited with code 0
2022/12/14 08:11:07 [notice] 1#1: worker process 31 exited with code 0
2022/12/14 08:11:07 [notice] 1#1: worker process 32 exited with code 0
2022/12/14 08:11:07 [notice] 1#1: worker process 34 exited with code 0
2022/12/14 08:11:07 [notice] 1#1: worker process 35 exited with code 0
2022/12/14 08:11:07 [notice] 1#1: exit
2022/12/14 08:11:25 [notice] 1#1: using the "epoll" event method
2022/12/14 08:11:25 [notice] 1#1: nginx/1.20.2
2022/12/14 08:11:25 [notice] 1#1: built by gcc 10.2.1 20210110 (Debian 10.2.1-6) 
2022/12/14 08:11:25 [notice] 1#1: OS: Linux 5.15.0-56-generic
2022/12/14 08:11:25 [notice] 1#1: getrlimit(RLIMIT_NOFILE): 1048576:1048576
2022/12/14 08:11:25 [notice] 1#1: start worker processes
2022/12/14 08:11:25 [notice] 1#1: start worker process 29
2022/12/14 08:11:25 [notice] 1#1: start worker process 30
2022/12/14 08:11:25 [notice] 1#1: start worker process 31
2022/12/14 08:11:25 [notice] 1#1: start worker process 32
2022/12/14 08:11:25 [notice] 1#1: start worker process 33
2022/12/14 08:11:25 [notice] 1#1: start worker process 34
2022/12/14 08:19:33 [notice] 1#1: using the "epoll" event method
2022/12/14 08:19:33 [notice] 1#1: nginx/1.20.2
2022/12/14 08:19:33 [notice] 1#1: built by gcc 10.2.1 20210110 (Debian 10.2.1-6) 
2022/12/14 08:19:33 [notice] 1#1: OS: Linux 5.15.0-56-generic
2022/12/14 08:19:33 [notice] 1#1: getrlimit(RLIMIT_NOFILE): 1048576:1048576
2022/12/14 08:19:33 [notice] 1#1: start worker processes
2022/12/14 08:19:33 [notice] 1#1: start worker process 31
2022/12/14 08:19:33 [notice] 1#1: start worker process 32
2022/12/14 08:19:33 [notice] 1#1: start worker process 33
2022/12/14 08:19:33 [notice] 1#1: start worker process 34
2022/12/14 08:19:33 [notice] 1#1: start worker process 35
2022/12/14 08:19:33 [notice] 1#1: start worker process 36
2022/12/14 08:24:43 [notice] 1#1: using the "epoll" event method
2022/12/14 08:24:43 [notice] 1#1: nginx/1.20.2
2022/12/14 08:24:43 [notice] 1#1: built by gcc 10.2.1 20210110 (Debian 10.2.1-6) 
2022/12/14 08:24:43 [notice] 1#1: OS: Linux 5.15.0-56-generic
2022/12/14 08:24:43 [notice] 1#1: getrlimit(RLIMIT_NOFILE): 1048576:1048576
2022/12/14 08:24:43 [notice] 1#1: start worker processes
2022/12/14 08:24:43 [notice] 1#1: start worker process 30
2022/12/14 08:24:43 [notice] 1#1: start worker process 31
2022/12/14 08:24:43 [notice] 1#1: start worker process 32
2022/12/14 08:24:43 [notice] 1#1: start worker process 33
2022/12/14 08:24:43 [notice] 1#1: start worker process 34
2022/12/14 08:24:43 [notice] 1#1: start worker process 35
2022/12/14 08:46:15 [notice] 1#1: using the "epoll" event method
2022/12/14 08:46:15 [notice] 1#1: nginx/1.20.2
2022/12/14 08:46:15 [notice] 1#1: built by gcc 10.2.1 20210110 (Debian 10.2.1-6) 
2022/12/14 08:46:15 [notice] 1#1: OS: Linux 5.15.0-56-generic
2022/12/14 08:46:15 [notice] 1#1: getrlimit(RLIMIT_NOFILE): 1048576:1048576
2022/12/14 08:46:15 [notice] 1#1: start worker processes
2022/12/14 08:46:15 [notice] 1#1: start worker process 30
2022/12/14 08:46:15 [notice] 1#1: start worker process 31
2022/12/14 08:46:15 [notice] 1#1: start worker process 32
2022/12/14 08:46:15 [notice] 1#1: start worker process 33
2022/12/14 08:46:15 [notice] 1#1: start worker process 34
2022/12/14 08:46:15 [notice] 1#1: start worker process 35
2022/12/14 08:46:38 [notice] 1#1: signal 3 (SIGQUIT) received, shutting down
2022/12/14 08:46:38 [notice] 30#30: gracefully shutting down
2022/12/14 08:46:38 [notice] 32#32: gracefully shutting down
2022/12/14 08:46:38 [notice] 33#33: gracefully shutting down
2022/12/14 08:46:38 [notice] 32#32: exiting
2022/12/14 08:46:38 [notice] 33#33: exiting
2022/12/14 08:46:38 [notice] 30#30: exiting
2022/12/14 08:46:38 [notice] 33#33: exit
2022/12/14 08:46:38 [notice] 32#32: exit
2022/12/14 08:46:38 [notice] 30#30: exit
2022/12/14 08:46:38 [notice] 34#34: gracefully shutting down
2022/12/14 08:46:38 [notice] 34#34: exiting
2022/12/14 08:46:38 [notice] 35#35: gracefully shutting down
2022/12/14 08:46:38 [notice] 34#34: exit
2022/12/14 08:46:38 [notice] 35#35: exiting
2022/12/14 08:46:38 [notice] 35#35: exit
2022/12/14 08:46:38 [notice] 31#31: gracefully shutting down
2022/12/14 08:46:38 [notice] 1#1: signal 17 (SIGCHLD) received from 32
2022/12/14 08:46:38 [notice] 1#1: worker process 32 exited with code 0
2022/12/14 08:46:38 [notice] 1#1: signal 29 (SIGIO) received
2022/12/14 08:46:38 [notice] 1#1: signal 17 (SIGCHLD) received from 35
2022/12/14 08:46:38 [notice] 1#1: worker process 30 exited with code 0
2022/12/14 08:46:38 [notice] 1#1: worker process 35 exited with code 0
2022/12/14 08:46:38 [notice] 1#1: signal 29 (SIGIO) received
2022/12/14 08:46:39 [notice] 1#1: signal 17 (SIGCHLD) received from 33
2022/12/14 08:46:39 [notice] 1#1: worker process 33 exited with code 0
2022/12/14 08:46:39 [notice] 1#1: signal 29 (SIGIO) received
2022/12/14 08:46:39 [notice] 1#1: signal 17 (SIGCHLD) received from 34
2022/12/14 08:46:39 [notice] 1#1: worker process 34 exited with code 0
2022/12/14 08:46:39 [notice] 1#1: signal 29 (SIGIO) received
2022/12/14 08:46:40 [notice] 31#31: exiting
2022/12/14 08:46:40 [notice] 31#31: exit
2022/12/14 08:46:40 [notice] 1#1: signal 17 (SIGCHLD) received from 31
2022/12/14 08:46:40 [notice] 1#1: worker process 31 exited with code 0
2022/12/14 08:46:40 [notice] 1#1: exit
2022/12/21 09:36:41 [notice] 1#1: using the "epoll" event method
2022/12/21 09:36:41 [notice] 1#1: nginx/1.20.2
2022/12/21 09:36:41 [notice] 1#1: built by gcc 10.2.1 20210110 (Debian 10.2.1-6) 
2022/12/21 09:36:41 [notice] 1#1: OS: Linux 5.15.0-56-generic
2022/12/21 09:36:41 [notice] 1#1: getrlimit(RLIMIT_NOFILE): 1048576:1048576
2022/12/21 09:36:41 [notice] 1#1: start worker processes
2022/12/21 09:36:41 [notice] 1#1: start worker process 30
2022/12/21 09:36:41 [notice] 1#1: start worker process 31
2022/12/21 09:36:41 [notice] 1#1: start worker process 32
2022/12/21 09:36:41 [notice] 1#1: start worker process 33
2022/12/21 09:36:41 [notice] 1#1: start worker process 34
2022/12/21 09:36:41 [notice] 1#1: start worker process 35
2022/12/21 10:12:37 [notice] 1#1: signal 3 (SIGQUIT) received, shutting down
2022/12/21 10:12:37 [notice] 32#32: gracefully shutting down
2022/12/21 10:12:37 [notice] 34#34: gracefully shutting down
2022/12/21 10:12:37 [notice] 30#30: gracefully shutting down
2022/12/21 10:12:37 [notice] 32#32: exiting
2022/12/21 10:12:37 [notice] 34#34: exiting
2022/12/21 10:12:37 [notice] 30#30: exiting
2022/12/21 10:12:37 [notice] 30#30: exit
2022/12/21 10:12:37 [notice] 34#34: exit
2022/12/21 10:12:37 [notice] 32#32: exit
2022/12/21 10:12:37 [notice] 33#33: gracefully shutting down
2022/12/21 10:12:37 [notice] 33#33: exiting
2022/12/21 10:12:37 [notice] 33#33: exit
2022/12/21 10:12:37 [notice] 35#35: gracefully shutting down
2022/12/21 10:12:37 [notice] 35#35: exiting
2022/12/21 10:12:37 [notice] 35#35: exit
2022/12/21 10:12:37 [notice] 31#31: gracefully shutting down
2022/12/21 10:12:37 [notice] 31#31: exiting
2022/12/21 10:12:37 [notice] 31#31: exit
2022/12/21 10:12:37 [notice] 1#1: signal 17 (SIGCHLD) received from 31
2022/12/21 10:12:37 [notice] 1#1: worker process 31 exited with code 0
2022/12/21 10:12:37 [notice] 1#1: signal 29 (SIGIO) received
2022/12/21 10:12:37 [notice] 1#1: signal 17 (SIGCHLD) received from 34
2022/12/21 10:12:37 [notice] 1#1: worker process 33 exited with code 0
2022/12/21 10:12:37 [notice] 1#1: worker process 30 exited with code 0
2022/12/21 10:12:37 [notice] 1#1: worker process 34 exited with code 0
2022/12/21 10:12:37 [notice] 1#1: signal 29 (SIGIO) received
2022/12/21 10:12:37 [notice] 1#1: signal 17 (SIGCHLD) received from 33
2022/12/21 10:12:37 [notice] 1#1: worker process 35 exited with code 0
2022/12/21 10:12:37 [notice] 1#1: signal 29 (SIGIO) received
2022/12/21 10:12:37 [notice] 1#1: signal 17 (SIGCHLD) received from 32
2022/12/21 10:12:37 [notice] 1#1: worker process 32 exited with code 0
2022/12/21 10:12:37 [notice] 1#1: exit
2022/12/23 06:00:49 [notice] 1#1: using the "epoll" event method
2022/12/23 06:00:49 [notice] 1#1: nginx/1.20.2
2022/12/23 06:00:49 [notice] 1#1: built by gcc 10.2.1 20210110 (Debian 10.2.1-6) 
2022/12/23 06:00:49 [notice] 1#1: OS: Linux 5.15.0-56-generic
2022/12/23 06:00:49 [notice] 1#1: getrlimit(RLIMIT_NOFILE): 1048576:1048576
2022/12/23 06:00:49 [notice] 1#1: start worker processes
2022/12/23 06:00:49 [notice] 1#1: start worker process 30
2022/12/23 06:00:49 [notice] 1#1: start worker process 31
2022/12/23 06:00:49 [notice] 1#1: start worker process 32
2022/12/23 06:00:49 [notice] 1#1: start worker process 33
2022/12/23 06:00:49 [notice] 1#1: start worker process 34
2022/12/23 06:00:49 [notice] 1#1: start worker process 35
2022/12/23 06:02:33 [notice] 1#1: signal 3 (SIGQUIT) received, shutting down
2022/12/23 06:02:33 [notice] 34#34: gracefully shutting down
2022/12/23 06:02:33 [notice] 32#32: gracefully shutting down
2022/12/23 06:02:33 [notice] 34#34: exiting
2022/12/23 06:02:33 [notice] 32#32: exiting
2022/12/23 06:02:33 [notice] 34#34: exit
2022/12/23 06:02:33 [notice] 32#32: exit
2022/12/23 06:02:33 [notice] 30#30: gracefully shutting down
2022/12/23 06:02:33 [notice] 31#31: gracefully shutting down
2022/12/23 06:02:33 [notice] 31#31: exiting
2022/12/23 06:02:33 [notice] 31#31: exit
2022/12/23 06:02:33 [notice] 33#33: gracefully shutting down
2022/12/23 06:02:33 [notice] 33#33: exiting
2022/12/23 06:02:33 [notice] 33#33: exit
2022/12/23 06:02:33 [notice] 35#35: gracefully shutting down
2022/12/23 06:02:33 [notice] 35#35: exiting
2022/12/23 06:02:33 [notice] 35#35: exit
2022/12/23 06:02:33 [notice] 1#1: signal 17 (SIGCHLD) received from 34
2022/12/23 06:02:33 [notice] 1#1: worker process 32 exited with code 0
2022/12/23 06:02:33 [notice] 1#1: worker process 34 exited with code 0
2022/12/23 06:02:33 [notice] 1#1: signal 29 (SIGIO) received
2022/12/23 06:02:33 [notice] 1#1: signal 17 (SIGCHLD) received from 33
2022/12/23 06:02:33 [notice] 1#1: worker process 33 exited with code 0
2022/12/23 06:02:33 [notice] 1#1: signal 29 (SIGIO) received
2022/12/23 06:02:33 [notice] 1#1: signal 17 (SIGCHLD) received from 31
2022/12/23 06:02:33 [notice] 1#1: worker process 31 exited with code 0
2022/12/23 06:02:33 [notice] 1#1: signal 29 (SIGIO) received
2022/12/23 06:02:33 [notice] 1#1: signal 17 (SIGCHLD) received from 35
2022/12/23 06:02:33 [notice] 1#1: worker process 35 exited with code 0
2022/12/23 06:02:33 [notice] 1#1: signal 29 (SIGIO) received
2022/12/23 06:02:34 [notice] 30#30: exiting
2022/12/23 06:02:34 [notice] 30#30: exit
2022/12/23 06:02:34 [notice] 1#1: signal 17 (SIGCHLD) received from 30
2022/12/23 06:02:34 [notice] 1#1: worker process 30 exited with code 0
2022/12/23 06:02:34 [notice] 1#1: exit
2022/12/23 06:02:46 [notice] 1#1: using the "epoll" event method
2022/12/23 06:02:46 [notice] 1#1: nginx/1.20.2
2022/12/23 06:02:46 [notice] 1#1: built by gcc 10.2.1 20210110 (Debian 10.2.1-6) 
2022/12/23 06:02:46 [notice] 1#1: OS: Linux 5.15.0-56-generic
2022/12/23 06:02:46 [notice] 1#1: getrlimit(RLIMIT_NOFILE): 1048576:1048576
2022/12/23 06:02:46 [notice] 1#1: start worker processes
2022/12/23 06:02:46 [notice] 1#1: start worker process 30
2022/12/23 06:02:46 [notice] 1#1: start worker process 31
2022/12/23 06:02:46 [notice] 1#1: start worker process 32
2022/12/23 06:02:46 [notice] 1#1: start worker process 33
2022/12/23 06:02:46 [notice] 1#1: start worker process 34
2022/12/23 06:02:46 [notice] 1#1: start worker process 35
2022/12/23 06:07:16 [notice] 1#1: signal 3 (SIGQUIT) received, shutting down
2022/12/23 06:07:16 [notice] 31#31: gracefully shutting down
2022/12/23 06:07:16 [notice] 32#32: gracefully shutting down
2022/12/23 06:07:16 [notice] 33#33: gracefully shutting down
2022/12/23 06:07:16 [notice] 30#30: gracefully shutting down
2022/12/23 06:07:16 [notice] 35#35: gracefully shutting down
2022/12/23 06:07:16 [notice] 31#31: exiting
2022/12/23 06:07:16 [notice] 32#32: exiting
2022/12/23 06:07:16 [notice] 33#33: exiting
2022/12/23 06:07:16 [notice] 30#30: exiting
2022/12/23 06:07:16 [notice] 35#35: exiting
2022/12/23 06:07:16 [notice] 31#31: exit
2022/12/23 06:07:16 [notice] 32#32: exit
2022/12/23 06:07:16 [notice] 33#33: exit
2022/12/23 06:07:16 [notice] 30#30: exit
2022/12/23 06:07:16 [notice] 35#35: exit
2022/12/23 06:07:16 [notice] 34#34: gracefully shutting down
2022/12/23 06:07:16 [notice] 34#34: exiting
2022/12/23 06:07:16 [notice] 34#34: exit
2022/12/23 06:07:16 [notice] 1#1: signal 17 (SIGCHLD) received from 31
2022/12/23 06:07:16 [notice] 1#1: worker process 31 exited with code 0
2022/12/23 06:07:16 [notice] 1#1: worker process 34 exited with code 0
2022/12/23 06:07:16 [notice] 1#1: signal 29 (SIGIO) received
2022/12/23 06:07:16 [notice] 1#1: signal 17 (SIGCHLD) received from 35
2022/12/23 06:07:16 [notice] 1#1: worker process 35 exited with code 0
2022/12/23 06:07:16 [notice] 1#1: signal 29 (SIGIO) received
2022/12/23 06:07:16 [notice] 1#1: signal 17 (SIGCHLD) received from 33
2022/12/23 06:07:16 [notice] 1#1: worker process 33 exited with code 0
2022/12/23 06:07:16 [notice] 1#1: signal 29 (SIGIO) received
2022/12/23 06:07:16 [notice] 1#1: signal 17 (SIGCHLD) received from 30
2022/12/23 06:07:16 [notice] 1#1: worker process 30 exited with code 0
2022/12/23 06:07:16 [notice] 1#1: signal 29 (SIGIO) received
2022/12/23 06:07:16 [notice] 1#1: signal 17 (SIGCHLD) received from 32
2022/12/23 06:07:16 [notice] 1#1: worker process 32 exited with code 0
2022/12/23 06:07:16 [notice] 1#1: exit
2022/12/23 08:21:12 [notice] 1#1: using the "epoll" event method
2022/12/23 08:21:12 [notice] 1#1: nginx/1.20.2
2022/12/23 08:21:12 [notice] 1#1: built by gcc 10.2.1 20210110 (Debian 10.2.1-6) 
2022/12/23 08:21:12 [notice] 1#1: OS: Linux 5.15.0-56-generic
2022/12/23 08:21:12 [notice] 1#1: getrlimit(RLIMIT_NOFILE): 1048576:1048576
2022/12/23 08:21:12 [notice] 1#1: start worker processes
2022/12/23 08:21:12 [notice] 1#1: start worker process 30
2022/12/23 08:21:12 [notice] 1#1: start worker process 31
2022/12/23 08:21:12 [notice] 1#1: start worker process 32
2022/12/23 08:21:12 [notice] 1#1: start worker process 33
2022/12/23 08:21:12 [notice] 1#1: start worker process 34
2022/12/23 08:21:12 [notice] 1#1: start worker process 35
2022/12/23 08:22:27 [notice] 1#1: signal 3 (SIGQUIT) received, shutting down
2022/12/23 08:22:27 [notice] 31#31: gracefully shutting down
2022/12/23 08:22:27 [notice] 30#30: gracefully shutting down
2022/12/23 08:22:27 [notice] 31#31: exiting
2022/12/23 08:22:27 [notice] 30#30: exiting
2022/12/23 08:22:27 [notice] 33#33: gracefully shutting down
2022/12/23 08:22:27 [notice] 34#34: gracefully shutting down
2022/12/23 08:22:27 [notice] 33#33: exiting
2022/12/23 08:22:27 [notice] 34#34: exiting
2022/12/23 08:22:27 [notice] 30#30: exit
2022/12/23 08:22:27 [notice] 31#31: exit
2022/12/23 08:22:27 [notice] 33#33: exit
2022/12/23 08:22:27 [notice] 34#34: exit
2022/12/23 08:22:27 [notice] 32#32: gracefully shutting down
2022/12/23 08:22:27 [notice] 32#32: exiting
2022/12/23 08:22:27 [notice] 35#35: gracefully shutting down
2022/12/23 08:22:27 [notice] 32#32: exit
2022/12/23 08:22:27 [notice] 35#35: exiting
2022/12/23 08:22:27 [notice] 35#35: exit
2022/12/23 08:22:27 [notice] 1#1: signal 17 (SIGCHLD) received from 30
2022/12/23 08:22:27 [notice] 1#1: worker process 30 exited with code 0
2022/12/23 08:22:27 [notice] 1#1: worker process 32 exited with code 0
2022/12/23 08:22:27 [notice] 1#1: worker process 33 exited with code 0
2022/12/23 08:22:27 [notice] 1#1: worker process 35 exited with code 0
2022/12/23 08:22:27 [notice] 1#1: signal 29 (SIGIO) received
2022/12/23 08:22:27 [notice] 1#1: signal 17 (SIGCHLD) received from 32
2022/12/23 08:22:27 [notice] 1#1: signal 17 (SIGCHLD) received from 34
2022/12/23 08:22:27 [notice] 1#1: worker process 34 exited with code 0
2022/12/23 08:22:27 [notice] 1#1: signal 29 (SIGIO) received
2022/12/23 08:22:27 [notice] 1#1: signal 17 (SIGCHLD) received from 31
2022/12/23 08:22:27 [notice] 1#1: worker process 31 exited with code 0
2022/12/23 08:22:27 [notice] 1#1: exit
2022/12/23 08:28:21 [notice] 1#1: using the "epoll" event method
2022/12/23 08:28:21 [notice] 1#1: nginx/1.20.2
2022/12/23 08:28:21 [notice] 1#1: built by gcc 10.2.1 20210110 (Debian 10.2.1-6) 
2022/12/23 08:28:21 [notice] 1#1: OS: Linux 5.15.0-56-generic
2022/12/23 08:28:21 [notice] 1#1: getrlimit(RLIMIT_NOFILE): 1048576:1048576
2022/12/23 08:28:21 [notice] 1#1: start worker processes
2022/12/23 08:28:21 [notice] 1#1: start worker process 30
2022/12/23 08:28:21 [notice] 1#1: start worker process 31
2022/12/23 08:28:21 [notice] 1#1: start worker process 32
2022/12/23 08:28:21 [notice] 1#1: start worker process 33
2022/12/23 08:28:21 [notice] 1#1: start worker process 34
2022/12/23 08:28:21 [notice] 1#1: start worker process 35
